cbm_hbi_hbi                                       29-Mar-2021 14:05:51
Running hierarchical bayesian inference (HBI)...

HBI has been initialized according to
	lap_RL.mat [for model 1]
	lap_Kanen.mat [for model 2]
 
Number of samples: 30
Number of models: 2
======================================================================
Iteration 01
Iteration 02
	model frequencies (percent)
	model 1: 0.7| model 2: 99.3| 
                                                           dL:   36.80
                                                           dm:    0.66
                                                           dx:    2.22
Iteration 03
	model frequencies (percent)
	model 1: 0.0| model 2: 100.0| 
                                                           dL:    6.81
                                                           dm:    0.66
                                                           dx:    0.36
Iteration 04
	model frequencies (percent)
	model 1: 0.0| model 2: 100.0| 
                                                           dL:    2.81
                                                           dm:    0.00
                                                           dx:    0.11
Iteration 05
	model frequencies (percent)
	model 1: 0.0| model 2: 100.0| 
                                                           dL:    1.99
                                                           dm:    0.00
                                                           dx:    0.05
Iteration 06
	model frequencies (percent)
	model 1: 0.0| model 2: 100.0| 
                                                           dL:    1.51
                                                           dm:    0.00
                                                           dx:    0.05
Iteration 07
	model frequencies (percent)
	model 1: 0.0| model 2: 100.0| 
                                                           dL:    1.19
                                                           dm:    0.00
                                                           dx:    0.04
Iteration 08
	model frequencies (percent)
	model 1: 0.0| model 2: 100.0| 
                                                           dL:    0.96
                                                           dm:    0.00
                                                           dx:    0.04
Iteration 09
	model frequencies (percent)
	model 1: 0.0| model 2: 100.0| 
                                                           dL:    0.79
                                                           dm:    0.00
                                                           dx:    0.04
Iteration 10
	model frequencies (percent)
	model 1: 0.0| model 2: 100.0| 
                                                           dL:    0.66
                                                           dm:    0.00
                                                           dx:    0.03
Iteration 11
	model frequencies (percent)
	model 1: 0.0| model 2: 100.0| 
                                                           dL:    0.56
                                                           dm:    0.00
                                                           dx:    0.03
Iteration 12
	model frequencies (percent)
	model 1: 0.0| model 2: 100.0| 
                                                           dL:    0.48
                                                           dm:    0.00
                                                           dx:    0.03
Iteration 13
	model frequencies (percent)
	model 1: 0.0| model 2: 100.0| 
                                                           dL:    0.42
                                                           dm:    0.00
                                                           dx:    0.03
Iteration 14
	model frequencies (percent)
	model 1: 0.0| model 2: 100.0| 
                                                           dL:    0.36
                                                           dm:    0.00
                                                           dx:    0.02
Iteration 15
	model frequencies (percent)
	model 1: 0.0| model 2: 100.0| 
                                                           dL:    0.32
                                                           dm:    0.00
                                                           dx:    0.02
Iteration 16
	model frequencies (percent)
	model 1: 0.0| model 2: 100.0| 
                                                           dL:    0.28
                                                           dm:    0.00
                                                           dx:    0.02
Iteration 17
	model frequencies (percent)
	model 1: 0.0| model 2: 100.0| 
                                                           dL:    0.25
                                                           dm:    0.00
                                                           dx:    0.02
Iteration 18
	model frequencies (percent)
	model 1: 0.0| model 2: 100.0| 
                                                           dL:    0.23
                                                           dm:    0.00
                                                           dx:    0.02
Iteration 19
	model frequencies (percent)
	model 1: 0.0| model 2: 100.0| 
                                                           dL:    0.20
                                                           dm:    0.00
                                                           dx:    0.01
Iteration 20
	model frequencies (percent)
	model 1: 0.0| model 2: 100.0| 
                                                           dL:    0.18
                                                           dm:    0.00
                                                           dx:    0.01
Iteration 21
	model frequencies (percent)
	model 1: 0.0| model 2: 100.0| 
                                                           dL:    0.17
                                                           dm:    0.00
                                                           dx:    0.01
Iteration 22
	model frequencies (percent)
	model 1: 0.0| model 2: 100.0| 
                                                           dL:    0.15
                                                           dm:    0.00
                                                           dx:    0.01
Iteration 23
	model frequencies (percent)
	model 1: 0.0| model 2: 100.0| 
                                                           dL:    0.14
                                                           dm:    0.00
                                                           dx:    0.01
Iteration 24
	model frequencies (percent)
	model 1: 0.0| model 2: 100.0| 
                                                           dL:    0.13
                                                           dm:    0.00
                                                           dx:    0.01
Iteration 25
	model frequencies (percent)
	model 1: 0.0| model 2: 100.0| 
                                                           dL:    0.12
                                                           dm:    0.00
                                                           dx:    0.01
                                                          Converged :]
