cbm_hbi_hbi                                       21-Apr-2021 16:52:47
Running hierarchical bayesian inference (HBI)...

HBI has been initialized according to
	lap_RL.mat [for model 1]
	lap_DRL.mat [for model 2]
	lap_4c.mat [for model 3]
 
Number of samples: 30
Number of models: 3
======================================================================
Iteration 01
Iteration 02
	model frequencies (percent)
	model 1: 29.6| model 2: 36.4| model 3: 34.1| 
                                                           dL:    9.72
                                                           dm:   63.65
                                                           dx:    0.48
Iteration 03
	model frequencies (percent)
	model 1: 30.5| model 2: 39.3| model 3: 30.1| 
                                                           dL:    1.97
                                                           dm:    3.00
                                                           dx:    0.15
Iteration 04
	model frequencies (percent)
	model 1: 33.1| model 2: 42.6| model 3: 24.3| 
                                                           dL:    1.72
                                                           dm:    3.24
                                                           dx:    0.07
Iteration 05
	model frequencies (percent)
	model 1: 36.0| model 2: 47.2| model 3: 16.8| 
                                                           dL:    2.58
                                                           dm:    4.58
                                                           dx:    0.06
Iteration 06
	model frequencies (percent)
	model 1: 38.3| model 2: 53.2| model 3: 8.5| 
                                                           dL:    4.51
                                                           dm:    6.01
                                                           dx:    0.06
Iteration 07
	model frequencies (percent)
	model 1: 39.6| model 2: 58.5| model 3: 1.9| 
                                                           dL:    6.64
                                                           dm:    5.33
                                                           dx:    0.11
Iteration 08
	model frequencies (percent)
	model 1: 39.6| model 2: 60.4| model 3: 0.1| 
                                                           dL:    6.75
                                                           dm:    1.87
                                                           dx:    0.70
Iteration 09
	model frequencies (percent)
	model 1: 39.3| model 2: 60.7| model 3: 0.0| 
                                                           dL:    1.06
                                                           dm:    0.37
                                                           dx:    0.57
Iteration 10
	model frequencies (percent)
	model 1: 39.1| model 2: 60.9| model 3: 0.0| 
                                                           dL:    0.14
                                                           dm:    0.19
                                                           dx:    0.41
Iteration 11
	model frequencies (percent)
	model 1: 38.9| model 2: 61.1| model 3: 0.0| 
                                                           dL:    0.11
                                                           dm:    0.14
                                                           dx:    0.01
                                                          Converged :]
