cbm_hbi_hbi                                       23-Apr-2021 10:09:56
Running hierarchical bayesian inference (HBI)- null mode...

HBI has been initialized according to
	lap_RL.mat [for model 1]
	lap_4c.mat [for model 2]
 
Number of samples: 30
Number of models: 2
======================================================================
Iteration 01
Iteration 02
                                                           dL:    3.67
                                                           dx:    0.33
Iteration 03
                                                           dL:    0.36
                                                           dx:    0.07
Iteration 04
                                                           dL:    0.14
                                                           dx:    0.02
Iteration 05
                                                           dL:    0.11
                                                           dx:    0.01
                                                          Converged :]
