cbm_hbi_hbi                                       26-May-2021 16:41:53
Running hierarchical bayesian inference (HBI)...

HBI has been initialized according to
	lap_RL.mat [for model 1]
	lap_dualRL.mat [for model 2]
	lap_Li_hybrid.mat [for model 3]
 
Number of samples: 30
Number of models: 3
======================================================================
Iteration 01
Iteration 02
	model frequencies (percent)
	model 1: 38.0| model 2: 57.8| model 3: 4.2| 
                                                           dL:   24.89
                                                           dm:   42.22
                                                           dx:    0.46
Iteration 03
	model frequencies (percent)
	model 1: 35.6| model 2: 64.4| model 3: 0.0| 
                                                           dL:    9.19
                                                           dm:    6.58
                                                           dx:    0.30
Iteration 04
	model frequencies (percent)
	model 1: 34.8| model 2: 65.2| model 3: 0.0| 
                                                           dL:    2.34
                                                           dm:    0.81
                                                           dx:    1.56
Iteration 05
	model frequencies (percent)
	model 1: 34.9| model 2: 65.1| model 3: 0.0| 
                                                           dL:    0.46
                                                           dm:    0.13
                                                           dx:    0.92
Iteration 06
	model frequencies (percent)
	model 1: 35.2| model 2: 64.8| model 3: 0.0| 
                                                           dL:    0.32
                                                           dm:    0.30
                                                           dx:    0.04
Iteration 07
	model frequencies (percent)
	model 1: 35.5| model 2: 64.5| model 3: 0.0| 
                                                           dL:    0.23
                                                           dm:    0.30
                                                           dx:    0.03
Iteration 08
	model frequencies (percent)
	model 1: 35.8| model 2: 64.2| model 3: 0.0| 
                                                           dL:    0.17
                                                           dm:    0.25
                                                           dx:    0.02
Iteration 09
	model frequencies (percent)
	model 1: 36.0| model 2: 64.0| model 3: 0.0| 
                                                           dL:    0.13
                                                           dm:    0.21
                                                           dx:    0.01
Iteration 10
	model frequencies (percent)
	model 1: 36.2| model 2: 63.8| model 3: 0.0| 
                                                           dL:    0.10
                                                           dm:    0.17
                                                           dx:    0.01
Iteration 11
	model frequencies (percent)
	model 1: 36.3| model 2: 63.7| model 3: 0.0| 
                                                           dL:    0.08
                                                           dm:    0.14
                                                           dx:    0.01
                                                          Converged :]
