cbm_hbi_hbi                                       15-Jul-2021 08:26:08
Running hierarchical bayesian inference (HBI)...

HBI has been initialized according to
	lap_RL_mrs.mat [for model 1]
	lap_dualRL_mrs.mat [for model 2]
 
Number of samples: 29
Number of models: 2
======================================================================
Iteration 01
Iteration 02
	model frequencies (percent)
	model 1: 38.8| model 2: 61.2| 
                                                           dL:    9.98
                                                           dm:   38.80
                                                           dx:    0.58
Iteration 03
	model frequencies (percent)
	model 1: 34.0| model 2: 66.0| 
                                                           dL:    2.38
                                                           dm:    4.84
                                                           dx:    0.23
Iteration 04
	model frequencies (percent)
	model 1: 32.7| model 2: 67.3| 
                                                           dL:    0.82
                                                           dm:    1.27
                                                           dx:    0.08
Iteration 05
	model frequencies (percent)
	model 1: 32.3| model 2: 67.7| 
                                                           dL:    0.49
                                                           dm:    0.37
                                                           dx:    0.04
Iteration 06
	model frequencies (percent)
	model 1: 32.2| model 2: 67.8| 
                                                           dL:    0.36
                                                           dm:    0.11
                                                           dx:    0.03
Iteration 07
	model frequencies (percent)
	model 1: 32.2| model 2: 67.8| 
                                                           dL:    0.28
                                                           dm:    0.04
                                                           dx:    0.02
Iteration 08
	model frequencies (percent)
	model 1: 32.2| model 2: 67.8| 
                                                           dL:    0.22
                                                           dm:    0.02
                                                           dx:    0.02
Iteration 09
	model frequencies (percent)
	model 1: 32.1| model 2: 67.9| 
                                                           dL:    0.17
                                                           dm:    0.02
                                                           dx:    0.02
Iteration 10
	model frequencies (percent)
	model 1: 32.1| model 2: 67.9| 
                                                           dL:    0.14
                                                           dm:    0.03
                                                           dx:    0.01
Iteration 11
	model frequencies (percent)
	model 1: 32.1| model 2: 67.9| 
                                                           dL:    0.12
                                                           dm:    0.04
                                                           dx:    0.01
Iteration 12
	model frequencies (percent)
	model 1: 32.0| model 2: 68.0| 
                                                           dL:    0.09
                                                           dm:    0.04
                                                           dx:    0.01
Iteration 13
	model frequencies (percent)
	model 1: 32.0| model 2: 68.0| 
                                                           dL:    0.08
                                                           dm:    0.05
                                                           dx:    0.01
                                                          Converged :]
