cbm_hbi_hbi                                       07-Jun-2021 13:43:43
Running hierarchical bayesian inference (HBI)- null mode...

HBI has been initialized according to
	lap_RL.mat [for model 1]
	lap_dualRL.mat [for model 2]
 
Number of samples: 20
Number of models: 2
======================================================================
Iteration 01
Iteration 02
                                                           dL:    4.32
                                                           dx:    0.32
Iteration 03
                                                           dL:    0.47
                                                           dx:    0.11
Iteration 04
                                                           dL:    0.07
                                                           dx:    0.06
Iteration 05
                                                           dL:   -0.00
                                                           dx:    0.04
Iteration 06
                                                           dL:   -0.01
                                                           dx:    0.03
Iteration 07
                                                           dL:   -0.02
                                                           dx:    0.02
Iteration 08
                                                           dL:   -0.01
                                                           dx:    0.01
Iteration 09
                                                           dL:   -0.01
                                                           dx:    0.01
Iteration 10
                                                           dL:   -0.01
                                                           dx:    0.01
                                                          Converged :]
