cbm_hbi_hbi                                       07-Jun-2021 13:43:39
Running hierarchical bayesian inference (HBI)...

HBI has been initialized according to
	lap_RL.mat [for model 1]
	lap_dualRL.mat [for model 2]
 
Number of samples: 20
Number of models: 2
======================================================================
Iteration 01
Iteration 02
	model frequencies (percent)
	model 1: 57.2| model 2: 42.8| 
                                                           dL:    4.58
                                                           dm:   42.81
                                                           dx:    0.31
Iteration 03
	model frequencies (percent)
	model 1: 63.5| model 2: 36.5| 
                                                           dL:    0.89
                                                           dm:    6.32
                                                           dx:    0.10
Iteration 04
	model frequencies (percent)
	model 1: 68.9| model 2: 31.1| 
                                                           dL:    0.56
                                                           dm:    5.36
                                                           dx:    0.07
Iteration 05
	model frequencies (percent)
	model 1: 73.5| model 2: 26.5| 
                                                           dL:    0.48
                                                           dm:    4.59
                                                           dx:    0.07
Iteration 06
	model frequencies (percent)
	model 1: 77.3| model 2: 22.7| 
                                                           dL:    0.40
                                                           dm:    3.80
                                                           dx:    0.08
Iteration 07
	model frequencies (percent)
	model 1: 80.3| model 2: 19.7| 
                                                           dL:    0.30
                                                           dm:    3.01
                                                           dx:    0.09
Iteration 08
	model frequencies (percent)
	model 1: 82.6| model 2: 17.4| 
                                                           dL:    0.21
                                                           dm:    2.33
                                                           dx:    0.08
Iteration 09
	model frequencies (percent)
	model 1: 84.4| model 2: 15.6| 
                                                           dL:    0.17
                                                           dm:    1.84
                                                           dx:    0.06
Iteration 10
	model frequencies (percent)
	model 1: 86.0| model 2: 14.0| 
                                                           dL:    0.15
                                                           dm:    1.56
                                                           dx:    0.04
Iteration 11
	model frequencies (percent)
	model 1: 87.5| model 2: 12.5| 
                                                           dL:    0.17
                                                           dm:    1.46
                                                           dx:    0.03
Iteration 12
	model frequencies (percent)
	model 1: 89.0| model 2: 11.0| 
                                                           dL:    0.23
                                                           dm:    1.53
                                                           dx:    0.03
Iteration 13
	model frequencies (percent)
	model 1: 90.8| model 2: 9.2| 
                                                           dL:    0.39
                                                           dm:    1.80
                                                           dx:    0.04
Iteration 14
	model frequencies (percent)
	model 1: 93.0| model 2: 7.0| 
                                                           dL:    0.70
                                                           dm:    2.22
                                                           dx:    0.06
Iteration 15
	model frequencies (percent)
	model 1: 95.4| model 2: 4.6| 
                                                           dL:    0.93
                                                           dm:    2.35
                                                           dx:    0.09
Iteration 16
	model frequencies (percent)
	model 1: 97.4| model 2: 2.6| 
                                                           dL:    0.90
                                                           dm:    1.99
                                                           dx:    0.07
Iteration 17
	model frequencies (percent)
	model 1: 99.1| model 2: 0.9| 
                                                           dL:    1.37
                                                           dm:    1.76
                                                           dx:    0.29
Iteration 18
	model frequencies (percent)
	model 1: 99.8| model 2: 0.2| 
                                                           dL:    1.78
                                                           dm:    0.72
                                                           dx:    0.69
Iteration 19
	model frequencies (percent)
	model 1: 99.9| model 2: 0.1| 
                                                           dL:    0.12
                                                           dm:    0.06
                                                           dx:    0.11
Iteration 20
	model frequencies (percent)
	model 1: 99.9| model 2: 0.1| 
                                                           dL:   -0.00
                                                           dm:    0.01
                                                           dx:    0.02
Iteration 21
	model frequencies (percent)
	model 1: 99.9| model 2: 0.1| 
                                                           dL:   -0.00
                                                           dm:    0.00
                                                           dx:    0.00
                                                          Converged :]
